<?xml version="1.0" encoding="UTF-8"?>
<!-- Generated by org.testng.reporters.JUnitReportReporter -->
<testsuite skipped="0" hostname="BHTPL-LAPTOP12" name="dynamicDataReading" tests="3" failures="0" timestamp="2020-05-20T10:46:28 IST" time="0.015" errors="0">
  <testcase name="data" time="0.001" classname="dynamicDataReading"/>
  <system-out/>
  <testcase name="data" time="0.002" classname="dynamicDataReading"/>
  <system-out/>
  <testcase name="data" time="0.012" classname="dynamicDataReading"/>
  <system-out/>
</testsuite> <!-- dynamicDataReading -->
